

Version:	3.50
CmdLine:	C:\Users\alex\Desktop\Programming\Java\Hydro\out\Hydro.exe --l4j-debug
JNI:		No
WOW64:		Yes
Create mutex:	Hydro
Working dir:	C:\Users\alex\Desktop\Programming\Java\Hydro\out\.
Requires JDK:	No
Requires 64-Bit: No
Java min ver:	1.010.000_000
Java max ver:	
Substitute:	JAVA_HOME = 
Substitute:	PATH = C:\Program Files\Common Files\Oracle\Java\javapath;C:\Program Files (x86)\Common Files\Oracle\Java\javapath;C:\WINDOWS\system32;C:\WINDOWS;C:\WINDOWS\System32\Wbem;C:\WINDOWS\System32\WindowsPowerShell\v1.0\;C:\WINDOWS\System32\OpenSSH\;C:\Program Files\Microsoft SQL Server\130\Tools\Binn\;c:\page;C:\ProgramData\chocolatey\bin;C:\Program Files\Git\cmd;C:\MinGW\bin;C:\Program Files\dotnet\;C:\WINDOWS\system32;C:\WINDOWS;C:\WINDOWS\System32\Wbem;C:\WINDOWS\System32\WindowsPowerShell\v1.0\;C:\WINDOWS\System32\OpenSSH\;C:\Program Files\nodejs\;C:\Program Files\Go\bin;C:\Users\alex\.cargo\bin;C:\Users\alex\AppData\Local\Programs\Python\Python311\Scripts\;C:\Users\alex\AppData\Local\Programs\Python\Python311\;C:\Users\alex\AppData\Local\Programs\Microsoft VS Code\bin;C:\Users\alex\.dotnet\tools;C:\Users\alex\AppData\Local\Microsoft\WindowsApps;C:\antlr4\bin;C:\sqlite;C:\Users\alex\AppData\Roaming\npm;C:\Users\alex\AppData\Local\pypy39;C:\Users\alex\go\bin;C:\CustomBatch;C:\Users\alex\AppData\Local\GitHubDesktop\bin;C:\vcpkg;C:\Program Files\CMake\bin;C:\Program Files\Microsoft Visual Studio\2022\Community\VC\Tools\MSVC\14.34.31933\bin\Hostx64\x64;C:\Program Files\Java\jdk-19\bin;C:\Program Files\Java\jdk-19\bin
JRE paths:	;C:\Program Files\Common Files\Oracle\Java\javapath;C:\Program Files (x86)\Common Files\Oracle\Java\javapath;C:\WINDOWS\system32;C:\WINDOWS;C:\WINDOWS\System32\Wbem;C:\WINDOWS\System32\WindowsPowerShell\v1.0\;C:\WINDOWS\System32\OpenSSH\;C:\Program Files\Microsoft SQL Server\130\Tools\Binn\;c:\page;C:\ProgramData\chocolatey\bin;C:\Program Files\Git\cmd;C:\MinGW\bin;C:\Program Files\dotnet\;C:\WINDOWS\system32;C:\WINDOWS;C:\WINDOWS\System32\Wbem;C:\WINDOWS\System32\WindowsPowerShell\v1.0\;C:\WINDOWS\System32\OpenSSH\;C:\Program Files\nodejs\;C:\Program Files\Go\bin;C:\Users\alex\.cargo\bin;C:\Users\alex\AppData\Local\Programs\Python\Python311\Scripts\;C:\Users\alex\AppData\Local\Programs\Python\Python311\;C:\Users\alex\AppData\Local\Programs\Microsoft VS Code\bin;C:\Users\alex\.dotnet\tools;C:\Users\alex\AppData\Local\Microsoft\WindowsApps;C:\antlr4\bin;C:\sqlite;C:\Users\alex\AppData\Roaming\npm;C:\Users\alex\AppData\Local\pypy39;C:\Users\alex\go\bin;C:\CustomBatch;C:\Users\alex\AppData\Local\GitHubDesktop\bin;C:\vcpkg;C:\Program Files\CMake\bin;C:\Program Files\Microsoft Visual Studio\2022\Community\VC\Tools\MSVC\14.34.31933\bin\Hostx64\x64;C:\Program Files\Java\jdk-19\bin;C:\Program Files\Java\jdk-19\bin
Check launcher:	C:\Program Files\Common Files\Oracle\Java\javapath\bin\javaw.exe (not found)
Check launcher:	C:\Program Files (x86)\Common Files\Oracle\Java\javapath\bin\javaw.exe (not found)
Check launcher:	C:\WINDOWS\system32\bin\javaw.exe (not found)
Check launcher:	C:\WINDOWS\bin\javaw.exe (not found)
Check launcher:	C:\WINDOWS\System32\Wbem\bin\javaw.exe (not found)
Check launcher:	C:\WINDOWS\System32\WindowsPowerShell\v1.0\bin\javaw.exe (not found)
Check launcher:	C:\WINDOWS\System32\OpenSSH\bin\javaw.exe (not found)
Check launcher:	C:\Program Files\Microsoft SQL Server\130\Tools\Binn\bin\javaw.exe (not found)
Check launcher:	c:\page\bin\javaw.exe (not found)
Check launcher:	C:\ProgramData\chocolatey\bin\javaw.exe (not found)
Check launcher:	C:\Program Files\Git\cmd\bin\javaw.exe (not found)
Check launcher:	C:\MinGW\bin\javaw.exe (not found)
Check launcher:	C:\Program Files\dotnet\bin\javaw.exe (not found)
Check launcher:	C:\WINDOWS\system32\bin\javaw.exe (not found)
Check launcher:	C:\WINDOWS\bin\javaw.exe (not found)
Check launcher:	C:\WINDOWS\System32\Wbem\bin\javaw.exe (not found)
Check launcher:	C:\WINDOWS\System32\WindowsPowerShell\v1.0\bin\javaw.exe (not found)
Check launcher:	C:\WINDOWS\System32\OpenSSH\bin\javaw.exe (not found)
Check launcher:	C:\Program Files\nodejs\bin\javaw.exe (not found)
Check launcher:	C:\Program Files\Go\bin\javaw.exe (not found)
Check launcher:	C:\Users\alex\.cargo\bin\javaw.exe (not found)
Check launcher:	C:\Users\alex\AppData\Local\Programs\Python\Python311\Scripts\bin\javaw.exe (not found)
Check launcher:	C:\Users\alex\AppData\Local\Programs\Python\Python311\bin\javaw.exe (not found)
Check launcher:	C:\Users\alex\AppData\Local\Programs\Microsoft VS Code\bin\javaw.exe (not found)
Check launcher:	C:\Users\alex\.dotnet\tools\bin\javaw.exe (not found)
Check launcher:	C:\Users\alex\AppData\Local\Microsoft\WindowsApps\bin\javaw.exe (not found)
Check launcher:	C:\antlr4\bin\javaw.exe (not found)
Check launcher:	C:\sqlite\bin\javaw.exe (not found)
Check launcher:	C:\Users\alex\AppData\Roaming\npm\bin\javaw.exe (not found)
Check launcher:	C:\Users\alex\AppData\Local\pypy39\bin\javaw.exe (not found)
Check launcher:	C:\Users\alex\go\bin\javaw.exe (not found)
Check launcher:	C:\CustomBatch\bin\javaw.exe (not found)
Check launcher:	C:\Users\alex\AppData\Local\GitHubDesktop\bin\javaw.exe (not found)
Check launcher:	C:\vcpkg\bin\javaw.exe (not found)
Check launcher:	C:\Program Files\CMake\bin\javaw.exe (not found)
Check launcher:	C:\Program Files\Microsoft Visual Studio\2022\Community\VC\Tools\MSVC\14.34.31933\bin\Hostx64\x64\bin\javaw.exe (not found)
Check launcher:	C:\Program Files\Java\jdk-19\bin\javaw.exe (OK)
Version string: 1.019.000_001 / 64-Bit (OK)
Main class:	Main
Add classpath:	antlr-4.11.1-complete.jar
Launcher:	C:\Program Files\Java\jdk-19\bin\javaw.exe
Launcher args:	-classpath "C:\Users\alex\Desktop\Programming\Java\Hydro\out\Hydro.exe;antlr-4.11.1-complete.jar" Main
Args length:	102/32768 chars
Exit code:	0


Version:	3.50
CmdLine:	C:\Users\alex\Desktop\Programming\Java\Hydro\out\Hydro.exe --l4j-debug
JNI:		No
WOW64:		Yes
Create mutex:	Hydro
Working dir:	C:\Users\alex\Desktop\Programming\Java\Hydro\out\.
Requires JDK:	No
Requires 64-Bit: No
Java min ver:	1.010.000_000
Java max ver:	
Substitute:	JAVA_HOME = 
Substitute:	PATH = C:\Program Files\Common Files\Oracle\Java\javapath;C:\Program Files (x86)\Common Files\Oracle\Java\javapath;C:\WINDOWS\system32;C:\WINDOWS;C:\WINDOWS\System32\Wbem;C:\WINDOWS\System32\WindowsPowerShell\v1.0\;C:\WINDOWS\System32\OpenSSH\;C:\Program Files\Microsoft SQL Server\130\Tools\Binn\;c:\page;C:\ProgramData\chocolatey\bin;C:\Program Files\Git\cmd;C:\MinGW\bin;C:\Program Files\dotnet\;C:\WINDOWS\system32;C:\WINDOWS;C:\WINDOWS\System32\Wbem;C:\WINDOWS\System32\WindowsPowerShell\v1.0\;C:\WINDOWS\System32\OpenSSH\;C:\Program Files\nodejs\;C:\Program Files\Go\bin;C:\Users\alex\.cargo\bin;C:\Users\alex\AppData\Local\Programs\Python\Python311\Scripts\;C:\Users\alex\AppData\Local\Programs\Python\Python311\;C:\Users\alex\AppData\Local\Programs\Microsoft VS Code\bin;C:\Users\alex\.dotnet\tools;C:\Users\alex\AppData\Local\Microsoft\WindowsApps;C:\antlr4\bin;C:\sqlite;C:\Users\alex\AppData\Roaming\npm;C:\Users\alex\AppData\Local\pypy39;C:\Users\alex\go\bin;C:\CustomBatch;C:\Users\alex\AppData\Local\GitHubDesktop\bin;C:\vcpkg;C:\Program Files\CMake\bin;C:\Program Files\Microsoft Visual Studio\2022\Community\VC\Tools\MSVC\14.34.31933\bin\Hostx64\x64;C:\Program Files\Java\jdk-19\bin;C:\Program Files\Java\jdk-19\bin
JRE paths:	;C:\Program Files\Common Files\Oracle\Java\javapath;C:\Program Files (x86)\Common Files\Oracle\Java\javapath;C:\WINDOWS\system32;C:\WINDOWS;C:\WINDOWS\System32\Wbem;C:\WINDOWS\System32\WindowsPowerShell\v1.0\;C:\WINDOWS\System32\OpenSSH\;C:\Program Files\Microsoft SQL Server\130\Tools\Binn\;c:\page;C:\ProgramData\chocolatey\bin;C:\Program Files\Git\cmd;C:\MinGW\bin;C:\Program Files\dotnet\;C:\WINDOWS\system32;C:\WINDOWS;C:\WINDOWS\System32\Wbem;C:\WINDOWS\System32\WindowsPowerShell\v1.0\;C:\WINDOWS\System32\OpenSSH\;C:\Program Files\nodejs\;C:\Program Files\Go\bin;C:\Users\alex\.cargo\bin;C:\Users\alex\AppData\Local\Programs\Python\Python311\Scripts\;C:\Users\alex\AppData\Local\Programs\Python\Python311\;C:\Users\alex\AppData\Local\Programs\Microsoft VS Code\bin;C:\Users\alex\.dotnet\tools;C:\Users\alex\AppData\Local\Microsoft\WindowsApps;C:\antlr4\bin;C:\sqlite;C:\Users\alex\AppData\Roaming\npm;C:\Users\alex\AppData\Local\pypy39;C:\Users\alex\go\bin;C:\CustomBatch;C:\Users\alex\AppData\Local\GitHubDesktop\bin;C:\vcpkg;C:\Program Files\CMake\bin;C:\Program Files\Microsoft Visual Studio\2022\Community\VC\Tools\MSVC\14.34.31933\bin\Hostx64\x64;C:\Program Files\Java\jdk-19\bin;C:\Program Files\Java\jdk-19\bin
Check launcher:	C:\Program Files\Common Files\Oracle\Java\javapath\bin\javaw.exe (not found)
Check launcher:	C:\Program Files (x86)\Common Files\Oracle\Java\javapath\bin\javaw.exe (not found)
Check launcher:	C:\WINDOWS\system32\bin\javaw.exe (not found)
Check launcher:	C:\WINDOWS\bin\javaw.exe (not found)
Check launcher:	C:\WINDOWS\System32\Wbem\bin\javaw.exe (not found)
Check launcher:	C:\WINDOWS\System32\WindowsPowerShell\v1.0\bin\javaw.exe (not found)
Check launcher:	C:\WINDOWS\System32\OpenSSH\bin\javaw.exe (not found)
Check launcher:	C:\Program Files\Microsoft SQL Server\130\Tools\Binn\bin\javaw.exe (not found)
Check launcher:	c:\page\bin\javaw.exe (not found)
Check launcher:	C:\ProgramData\chocolatey\bin\javaw.exe (not found)
Check launcher:	C:\Program Files\Git\cmd\bin\javaw.exe (not found)
Check launcher:	C:\MinGW\bin\javaw.exe (not found)
Check launcher:	C:\Program Files\dotnet\bin\javaw.exe (not found)
Check launcher:	C:\WINDOWS\system32\bin\javaw.exe (not found)
Check launcher:	C:\WINDOWS\bin\javaw.exe (not found)
Check launcher:	C:\WINDOWS\System32\Wbem\bin\javaw.exe (not found)
Check launcher:	C:\WINDOWS\System32\WindowsPowerShell\v1.0\bin\javaw.exe (not found)
Check launcher:	C:\WINDOWS\System32\OpenSSH\bin\javaw.exe (not found)
Check launcher:	C:\Program Files\nodejs\bin\javaw.exe (not found)
Check launcher:	C:\Program Files\Go\bin\javaw.exe (not found)
Check launcher:	C:\Users\alex\.cargo\bin\javaw.exe (not found)
Check launcher:	C:\Users\alex\AppData\Local\Programs\Python\Python311\Scripts\bin\javaw.exe (not found)
Check launcher:	C:\Users\alex\AppData\Local\Programs\Python\Python311\bin\javaw.exe (not found)
Check launcher:	C:\Users\alex\AppData\Local\Programs\Microsoft VS Code\bin\javaw.exe (not found)
Check launcher:	C:\Users\alex\.dotnet\tools\bin\javaw.exe (not found)
Check launcher:	C:\Users\alex\AppData\Local\Microsoft\WindowsApps\bin\javaw.exe (not found)
Check launcher:	C:\antlr4\bin\javaw.exe (not found)
Check launcher:	C:\sqlite\bin\javaw.exe (not found)
Check launcher:	C:\Users\alex\AppData\Roaming\npm\bin\javaw.exe (not found)
Check launcher:	C:\Users\alex\AppData\Local\pypy39\bin\javaw.exe (not found)
Check launcher:	C:\Users\alex\go\bin\javaw.exe (not found)
Check launcher:	C:\CustomBatch\bin\javaw.exe (not found)
Check launcher:	C:\Users\alex\AppData\Local\GitHubDesktop\bin\javaw.exe (not found)
Check launcher:	C:\vcpkg\bin\javaw.exe (not found)
Check launcher:	C:\Program Files\CMake\bin\javaw.exe (not found)
Check launcher:	C:\Program Files\Microsoft Visual Studio\2022\Community\VC\Tools\MSVC\14.34.31933\bin\Hostx64\x64\bin\javaw.exe (not found)
Check launcher:	C:\Program Files\Java\jdk-19\bin\javaw.exe (OK)
Version string: 1.019.000_001 / 64-Bit (OK)
Main class:	Main
Add classpath:	antlr-4.11.1-complete.jar
Launcher:	C:\Program Files\Java\jdk-19\bin\javaw.exe
Launcher args:	-classpath "C:\Users\alex\Desktop\Programming\Java\Hydro\out\Hydro.exe;antlr-4.11.1-complete.jar" Main
Args length:	102/32768 chars
Exit code:	0


Version:	3.50
CmdLine:	C:\Users\alex\Desktop\Programming\Java\Hydro\out\Hydro.exe --l4j-debug
JNI:		No
WOW64:		Yes
Create mutex:	Hydro
Working dir:	C:\Users\alex\Desktop\Programming\Java\Hydro\out\.
Requires JDK:	No
Requires 64-Bit: No
Java min ver:	1.010.000_000
Java max ver:	
Substitute:	JAVA_HOME = 
Substitute:	PATH = C:\Program Files\Common Files\Oracle\Java\javapath;C:\Program Files (x86)\Common Files\Oracle\Java\javapath;C:\WINDOWS\system32;C:\WINDOWS;C:\WINDOWS\System32\Wbem;C:\WINDOWS\System32\WindowsPowerShell\v1.0\;C:\WINDOWS\System32\OpenSSH\;C:\Program Files\Microsoft SQL Server\130\Tools\Binn\;c:\page;C:\ProgramData\chocolatey\bin;C:\Program Files\Git\cmd;C:\MinGW\bin;C:\Program Files\dotnet\;C:\WINDOWS\system32;C:\WINDOWS;C:\WINDOWS\System32\Wbem;C:\WINDOWS\System32\WindowsPowerShell\v1.0\;C:\WINDOWS\System32\OpenSSH\;C:\Program Files\nodejs\;C:\Program Files\Go\bin;C:\Users\alex\.cargo\bin;C:\Users\alex\AppData\Local\Programs\Python\Python311\Scripts\;C:\Users\alex\AppData\Local\Programs\Python\Python311\;C:\Users\alex\AppData\Local\Programs\Microsoft VS Code\bin;C:\Users\alex\.dotnet\tools;C:\Users\alex\AppData\Local\Microsoft\WindowsApps;C:\antlr4\bin;C:\sqlite;C:\Users\alex\AppData\Roaming\npm;C:\Users\alex\AppData\Local\pypy39;C:\Users\alex\go\bin;C:\CustomBatch;C:\Users\alex\AppData\Local\GitHubDesktop\bin;C:\vcpkg;C:\Program Files\CMake\bin;C:\Program Files\Microsoft Visual Studio\2022\Community\VC\Tools\MSVC\14.34.31933\bin\Hostx64\x64;C:\Program Files\Java\jdk-19\bin;C:\Program Files\Java\jdk-19\bin
JRE paths:	;C:\Program Files\Common Files\Oracle\Java\javapath;C:\Program Files (x86)\Common Files\Oracle\Java\javapath;C:\WINDOWS\system32;C:\WINDOWS;C:\WINDOWS\System32\Wbem;C:\WINDOWS\System32\WindowsPowerShell\v1.0\;C:\WINDOWS\System32\OpenSSH\;C:\Program Files\Microsoft SQL Server\130\Tools\Binn\;c:\page;C:\ProgramData\chocolatey\bin;C:\Program Files\Git\cmd;C:\MinGW\bin;C:\Program Files\dotnet\;C:\WINDOWS\system32;C:\WINDOWS;C:\WINDOWS\System32\Wbem;C:\WINDOWS\System32\WindowsPowerShell\v1.0\;C:\WINDOWS\System32\OpenSSH\;C:\Program Files\nodejs\;C:\Program Files\Go\bin;C:\Users\alex\.cargo\bin;C:\Users\alex\AppData\Local\Programs\Python\Python311\Scripts\;C:\Users\alex\AppData\Local\Programs\Python\Python311\;C:\Users\alex\AppData\Local\Programs\Microsoft VS Code\bin;C:\Users\alex\.dotnet\tools;C:\Users\alex\AppData\Local\Microsoft\WindowsApps;C:\antlr4\bin;C:\sqlite;C:\Users\alex\AppData\Roaming\npm;C:\Users\alex\AppData\Local\pypy39;C:\Users\alex\go\bin;C:\CustomBatch;C:\Users\alex\AppData\Local\GitHubDesktop\bin;C:\vcpkg;C:\Program Files\CMake\bin;C:\Program Files\Microsoft Visual Studio\2022\Community\VC\Tools\MSVC\14.34.31933\bin\Hostx64\x64;C:\Program Files\Java\jdk-19\bin;C:\Program Files\Java\jdk-19\bin
Check launcher:	C:\Program Files\Common Files\Oracle\Java\javapath\bin\javaw.exe (not found)
Check launcher:	C:\Program Files (x86)\Common Files\Oracle\Java\javapath\bin\javaw.exe (not found)
Check launcher:	C:\WINDOWS\system32\bin\javaw.exe (not found)
Check launcher:	C:\WINDOWS\bin\javaw.exe (not found)
Check launcher:	C:\WINDOWS\System32\Wbem\bin\javaw.exe (not found)
Check launcher:	C:\WINDOWS\System32\WindowsPowerShell\v1.0\bin\javaw.exe (not found)
Check launcher:	C:\WINDOWS\System32\OpenSSH\bin\javaw.exe (not found)
Check launcher:	C:\Program Files\Microsoft SQL Server\130\Tools\Binn\bin\javaw.exe (not found)
Check launcher:	c:\page\bin\javaw.exe (not found)
Check launcher:	C:\ProgramData\chocolatey\bin\javaw.exe (not found)
Check launcher:	C:\Program Files\Git\cmd\bin\javaw.exe (not found)
Check launcher:	C:\MinGW\bin\javaw.exe (not found)
Check launcher:	C:\Program Files\dotnet\bin\javaw.exe (not found)
Check launcher:	C:\WINDOWS\system32\bin\javaw.exe (not found)
Check launcher:	C:\WINDOWS\bin\javaw.exe (not found)
Check launcher:	C:\WINDOWS\System32\Wbem\bin\javaw.exe (not found)
Check launcher:	C:\WINDOWS\System32\WindowsPowerShell\v1.0\bin\javaw.exe (not found)
Check launcher:	C:\WINDOWS\System32\OpenSSH\bin\javaw.exe (not found)
Check launcher:	C:\Program Files\nodejs\bin\javaw.exe (not found)
Check launcher:	C:\Program Files\Go\bin\javaw.exe (not found)
Check launcher:	C:\Users\alex\.cargo\bin\javaw.exe (not found)
Check launcher:	C:\Users\alex\AppData\Local\Programs\Python\Python311\Scripts\bin\javaw.exe (not found)
Check launcher:	C:\Users\alex\AppData\Local\Programs\Python\Python311\bin\javaw.exe (not found)
Check launcher:	C:\Users\alex\AppData\Local\Programs\Microsoft VS Code\bin\javaw.exe (not found)
Check launcher:	C:\Users\alex\.dotnet\tools\bin\javaw.exe (not found)
Check launcher:	C:\Users\alex\AppData\Local\Microsoft\WindowsApps\bin\javaw.exe (not found)
Check launcher:	C:\antlr4\bin\javaw.exe (not found)
Check launcher:	C:\sqlite\bin\javaw.exe (not found)
Check launcher:	C:\Users\alex\AppData\Roaming\npm\bin\javaw.exe (not found)
Check launcher:	C:\Users\alex\AppData\Local\pypy39\bin\javaw.exe (not found)
Check launcher:	C:\Users\alex\go\bin\javaw.exe (not found)
Check launcher:	C:\CustomBatch\bin\javaw.exe (not found)
Check launcher:	C:\Users\alex\AppData\Local\GitHubDesktop\bin\javaw.exe (not found)
Check launcher:	C:\vcpkg\bin\javaw.exe (not found)
Check launcher:	C:\Program Files\CMake\bin\javaw.exe (not found)
Check launcher:	C:\Program Files\Microsoft Visual Studio\2022\Community\VC\Tools\MSVC\14.34.31933\bin\Hostx64\x64\bin\javaw.exe (not found)
Check launcher:	C:\Program Files\Java\jdk-19\bin\javaw.exe (OK)
Version string: 1.019.000_001 / 64-Bit (OK)
Main class:	Main
Add classpath:	antlr-4.11.1-complete.jar
Launcher:	C:\Program Files\Java\jdk-19\bin\javaw.exe
Launcher args:	-classpath "C:\Users\alex\Desktop\Programming\Java\Hydro\out\Hydro.exe;antlr-4.11.1-complete.jar" Main
Args length:	102/32768 chars
Exit code:	0
